<?xml version="1.0" encoding="UTF-8"?>
<testsuite name="com.example.pcorderapplication.MainControllerTest" tests="3" skipped="0" failures="0" errors="0" timestamp="2024-12-04T22:29:45" hostname="Mac" time="0.05">
  <properties/>
  <testcase name="testNavigateToRoleActivity_StoreKeeper" classname="com.example.pcorderapplication.MainControllerTest" time="0.042"/>
  <testcase name="testNavigateToRoleActivity_Administrator" classname="com.example.pcorderapplication.MainControllerTest" time="0.004"/>
  <testcase name="testNavigateToRoleActivity_InvalidRole" classname="com.example.pcorderapplication.MainControllerTest" time="0.004"/>
  <system-out><![CDATA[]]></system-out>
  <system-err><![CDATA[]]></system-err>
</testsuite>
