<?xml version="1.0" encoding="UTF-8"?>
<testsuite name="com.example.pcorderapplication.AdministratorControllerTest" tests="4" skipped="0" failures="0" errors="0" timestamp="2024-12-04T22:29:43" hostname="Mac" time="1.308">
  <properties/>
  <testcase name="testCreateRequester" classname="com.example.pcorderapplication.AdministratorControllerTest" time="1.297"/>
  <testcase name="testModifyRequester" classname="com.example.pcorderapplication.AdministratorControllerTest" time="0.004"/>
  <testcase name="testDeleteRequester" classname="com.example.pcorderapplication.AdministratorControllerTest" time="0.003"/>
  <testcase name="testGetAllRequesters" classname="com.example.pcorderapplication.AdministratorControllerTest" time="0.004"/>
  <system-out><![CDATA[]]></system-out>
  <system-err><![CDATA[]]></system-err>
</testsuite>
