<?xml version="1.0" encoding="UTF-8"?>
<testsuite name="com.example.pcorderapplication.LoginControllerTest" tests="2" skipped="0" failures="0" errors="0" timestamp="2024-12-04T22:29:45" hostname="Mac" time="0.369">
  <properties/>
  <testcase name="testLogin_Success" classname="com.example.pcorderapplication.LoginControllerTest" time="0.367"/>
  <testcase name="testLogin_Failure" classname="com.example.pcorderapplication.LoginControllerTest" time="0.001"/>
  <system-out><![CDATA[]]></system-out>
  <system-err><![CDATA[]]></system-err>
</testsuite>
