<?xml version="1.0" encoding="UTF-8"?>
<testsuite name="com.example.pcorderapplication.StoreKeeperControllerTest" tests="8" skipped="0" failures="0" errors="0" timestamp="2024-12-04T22:29:47" hostname="Mac" time="0.053">
  <properties/>
  <testcase name="testAddComponent_Failure_TitleExists" classname="com.example.pcorderapplication.StoreKeeperControllerTest" time="0.049"/>
  <testcase name="testDeleteComponent_Success" classname="com.example.pcorderapplication.StoreKeeperControllerTest" time="0.001"/>
  <testcase name="testAddComponent_Success" classname="com.example.pcorderapplication.StoreKeeperControllerTest" time="0.0"/>
  <testcase name="testFindComponentByTitle" classname="com.example.pcorderapplication.StoreKeeperControllerTest" time="0.001"/>
  <testcase name="testDeleteComponent_Failure" classname="com.example.pcorderapplication.StoreKeeperControllerTest" time="0.0"/>
  <testcase name="testUpdateComponent_Success" classname="com.example.pcorderapplication.StoreKeeperControllerTest" time="0.001"/>
  <testcase name="testUpload" classname="com.example.pcorderapplication.StoreKeeperControllerTest" time="0.0"/>
  <testcase name="testUpdateComponent_Failure" classname="com.example.pcorderapplication.StoreKeeperControllerTest" time="0.001"/>
  <system-out><![CDATA[]]></system-out>
  <system-err><![CDATA[]]></system-err>
</testsuite>
