<?xml version='1.0' encoding='UTF-8' ?>
<testsuite name="com.example.pcorderapplication.StoreKeeperActivityTest" tests="1" failures="0" errors="0" skipped="0" time="3.503" timestamp="2024-12-04T22:47:16" hostname="localhost">
  <properties>
    <property name="device" value="Medium_Phone_API_35(AVD) - 15" />
    <property name="flavor" value="" />
    <property name="project" value=":app" />
  </properties>
  <testcase name="testComponentsDisplayedWithQuantity100" classname="com.example.pcorderapplication.StoreKeeperActivityTest" time="2.428" />
</testsuite>